0 info it worked if it ends with ok
1 verbose cli [ 'C:\\Program Files\\nodejs\\node.exe',
1 verbose cli   'C:\\Users\\Node3\\AppData\\Roaming\\npm\\node_modules\\npm\\bin\\npm-cli.js',
1 verbose cli   'build',
1 verbose cli   'dev' ]
2 info using npm@3.10.10
3 info using node@v9.5.0
4 info build E:\selfx\slingpages\dev
5 verbose stack Error: ENOENT: no such file or directory, open 'E:\selfx\slingpages\dev\package.json'
6 verbose cwd E:\selfx\slingpages
7 error Windows_NT 10.0.17763
8 error argv "C:\\Program Files\\nodejs\\node.exe" "C:\\Users\\Node3\\AppData\\Roaming\\npm\\node_modules\\npm\\bin\\npm-cli.js" "build" "dev"
9 error node v9.5.0
10 error npm  v3.10.10
11 error path E:\selfx\slingpages\dev\package.json
12 error code ENOENT
13 error errno -4058
14 error syscall open
15 error enoent ENOENT: no such file or directory, open 'E:\selfx\slingpages\dev\package.json'
16 error enoent ENOENT: no such file or directory, open 'E:\selfx\slingpages\dev\package.json'
16 error enoent This is most likely not a problem with npm itself
16 error enoent and is related to npm not being able to find a file.
17 verbose exit [ -4058, true ]
