0 info it worked if it ends with ok
1 verbose cli [ 'C:\\Program Files\\nodejs\\node.exe',
1 verbose cli   'C:\\Users\\Node3\\AppData\\Roaming\\npm\\node_modules\\npm\\bin\\npm-cli.js',
1 verbose cli   'run',
1 verbose cli   'dev' ]
2 info using npm@3.10.10
3 info using node@v10.16.3
4 verbose run-script [ 'predev', 'dev', 'postdev' ]
5 info lifecycle @~predev: @
6 silly lifecycle @~predev: no script for predev, continuing
7 info lifecycle @~dev: @
8 verbose lifecycle @~dev: unsafe-perm in lifecycle true
9 verbose lifecycle @~dev: PATH: C:\Users\Node3\AppData\Roaming\npm\node_modules\npm\bin\node-gyp-bin;E:\selfx\slingpages\admin\node_modules\.bin;C:\Program Files (x86)\Common Files\Oracle\Java\javapath;C:\oraclexe\app\oracle\product\11.2.0\server\bin;C:\client;C:\ProgramData\Oracle\Java\javapath;C:\WINDOWS\system32;C:\WINDOWS;C:\WINDOWS\System32\Wbem;C:\WINDOWS\System32\WindowsPowerShell\v1.0\;C:\Program Files\7-Zip;C:\Code\bin;C:\Program Files\Git\cmd;C:\Program Files\MySQL\MySQL Utilities 1.6\;C:\Program Files\Java\jre1.8.0_131\bin;C:\Program Files\Microsoft SQL Server\Client SDK\ODBC\130\Tools\Binn\;C:\Program Files (x86)\Microsoft SQL Server\130\Tools\Binn\;C:\Program Files\Microsoft SQL Server\130\Tools\Binn\;C:\Program Files\Microsoft SQL Server\130\DTS\Binn\;C:\Program Files (x86)\Microsoft SQL Server\Client SDK\ODBC\130\Tools\Binn\;C:\Program Files (x86)\Microsoft SQL Server\130\DTS\Binn\;C:\Program Files (x86)\Microsoft SQL Server\130\Tools\Binn\ManagementStudio\;C:\Program Files (x86)\mingw-w64\i686-7.1.0-posix-dwarf-rt_v5-rev2\mingw32\bin;C:\MinGW\bin;C:\MinGW\PKG_CONFIG_PATH;C:\Program Files (x86)\Windows Kits\8.1\Windows Performance Toolkit\;C:\Program Files\PuTTY\;D:\experiments\chromedriver.exe;C:\Go\bin;C:\Program Files\Microsoft VS Code\bin;C:\WINDOWS\System32\OpenSSH\;C:\Program Files (x86)\CrSSL\bin;E:\flutter_windows_v1.5.4-hotfix.2-stable\flutter\bin;C:\Program Files\nodejs\;C:\Ruby25-x64\bin;C:\Users\Node3\AppData\Local\Microsoft\WindowsApps;C:\Users\Node3\AppData\Local\Google\Cloud SDK\google-cloud-sdk\bin;C:\laragon\bin;C:\laragon\bin\apache\httpd-2.4.25-win32-VC14\bin;C:\laragon\bin\composer;C:\laragon\bin\git\bin;C:\laragon\bin\git\cmd;C:\laragon\bin\git\mingw32\bin;C:\laragon\bin\git\usr\bin;C:\laragon\bin\memcached\memcached-1.4.5;C:\laragon\bin\mysql\mariadb-10.2.3-win32\bin;C:\laragon\bin\ngrok;C:\laragon\bin\nodejs;C:\laragon\bin\notepad++;C:\laragon\bin\php\php-7.1.1-Win32-VC14-x86;C:\laragon\bin\putty;C:\laragon\bin\redis\redis-x64-3.2.100;C:\laragon\bin\sendmail;C:\laragon\bin\telnet;C:\laragon\bin\winscp;C:\laragon\bin\yarn\bin;C:\laragon\usr\bin;C:\Users\Node3\AppData\Local\Yarn\config\global\node_modules\.bin;C:\Users\Node3\AppData\Roaming\Composer\vendor\bin;C:\Users\Node3\AppData\Local\Microsoft\WindowsApps;C:\Program Files\mingw-w64\x86_64-7.2.0-posix-seh-rt_v5-rev1\mingw64\bin;C:\Program Files\Microsoft VS Code\bin;C:\Python27;C:\msys64;C:\Program Files\Oracle\VirtualBox;C:\Users\Node3\AppData\Local\Programs\Microsoft VS Code\bin;C:\protoc\bin;C:\Code\src\zound\pkg-config.exe;C:\Users\Node3\AppData\Roaming\npm
10 verbose lifecycle @~dev: CWD: E:\selfx\slingpages\admin
11 silly lifecycle @~dev: Args: [ '/d /s /c', 'npm run development' ]
12 silly lifecycle @~dev: Returned: code: 1  signal: null
13 info lifecycle @~dev: Failed to exec dev script
14 verbose stack Error: @ dev: `npm run development`
14 verbose stack Exit status 1
14 verbose stack     at EventEmitter.<anonymous> (C:\Users\Node3\AppData\Roaming\npm\node_modules\npm\lib\utils\lifecycle.js:255:16)
14 verbose stack     at EventEmitter.emit (events.js:198:13)
14 verbose stack     at ChildProcess.<anonymous> (C:\Users\Node3\AppData\Roaming\npm\node_modules\npm\lib\utils\spawn.js:40:14)
14 verbose stack     at ChildProcess.emit (events.js:198:13)
14 verbose stack     at maybeClose (internal/child_process.js:982:16)
14 verbose stack     at Process.ChildProcess._handle.onexit (internal/child_process.js:259:5)
15 verbose pkgid @
16 verbose cwd E:\selfx\slingpages\admin
17 error Windows_NT 10.0.17763
18 error argv "C:\\Program Files\\nodejs\\node.exe" "C:\\Users\\Node3\\AppData\\Roaming\\npm\\node_modules\\npm\\bin\\npm-cli.js" "run" "dev"
19 error node v10.16.3
20 error npm  v3.10.10
21 error code ELIFECYCLE
22 error @ dev: `npm run development`
22 error Exit status 1
23 error Failed at the @ dev script 'npm run development'.
23 error Make sure you have the latest version of node.js and npm installed.
23 error If you do, this is most likely a problem with the  package,
23 error not with npm itself.
23 error Tell the author that this fails on your system:
23 error     npm run development
23 error You can get information on how to open an issue for this project with:
23 error     npm bugs
23 error Or if that isn't available, you can get their info via:
23 error     npm owner ls
23 error There is likely additional logging output above.
24 verbose exit [ 1, true ]
